884
14	9.0	5.0	5	2	0	13	2	0	6	4	0	2	1	5
18	13.0	5.0	1	3	3	7	2	0	14	2	0	8	1	1	3	5	1
16	13.0	3.0	2	6	0	8	1	1	9	0	0	15	2	0	10	1	1	4	3	1
10	8.0	2.0	3	5	1	11	0	0	16	2	0	12	1	1	61	0	0
14	9.0	5.0	1	5	5	17	1	0	18	0	0	19	1	0	20	0	0	13	2	0
16	8.0	8.0	1	4	6	7	1	1	26	0	1	25	1	0	13	2	0
20	17.0	3.0	6	4	0	2	11	3	27	1	0	28	1	0	29	0	0
30	22.0	8.0	2	9	5	3	10	2	14	1	1	36	0	0	35	1	0	34	1	0
14	11.0	3.0	3	11	3	37	0	0	38	0	0
14	12.0	2.0	3	11	1	43	0	1	44	0	0	45	1	0
10	8.0	2.0	4	8	2	46	0	0	47	0	0	48	0	0
10	8.0	2.0	4	7	1	55	0	0	56	0	0	57	0	1	58	0	0	59	0	0	60	1	0
25	15.0	10.0	1	4	6	6	7	4	5	2	0	21	0	0	22	1	0	23	0	0	24	1	0
18	12.0	6.0	2	10	4	8	1	1	30	0	0	31	0	0	32	0	1	33	1	0
16	13.0	3.0	3	9	3	16	2	0	39	1	0	40	0	0	41	1	0	42	0	0
12	10.0	2.0	4	6	2	15	2	0	49	0	0	50	1	0	51	0	0	52	0	0	53	0	0	54	1	0
11	6.0	5.0	5	6	5	18	0	0
13	7.0	6.0	17	0	1	5	7	5
11	6.0	5.0	5	6	5
12	7.0	5.0	5	7	5
13	9.0	4.0	13	9	4
12	8.0	4.0	13	8	4	23	0	0
14	8.0	6.0	13	8	5	22	0	1
12	6.0	6.0	13	6	6
12	8.0	4.0	6	8	4
12	7.0	5.0	6	7	5
17	10.0	7.0	7	10	7
17	11.0	6.0	7	11	6
18	13.0	5.0	7	13	5
16	10.0	6.0	14	10	6
16	12.0	4.0	14	12	4
15	11.0	4.0	14	11	4
15	9.0	6.0	14	9	6
19	13.0	6.0	8	13	6
19	13.0	6.0	8	13	6
20	13.0	7.0	8	13	7
14	12.0	2.0	9	12	2
14	10.0	4.0	9	10	4
13	10.0	3.0	15	10	3	40	0	0
15	12.0	3.0	15	11	3
13	10.0	3.0	15	10	3
14	10.0	4.0	15	10	4
13	11.0	2.0	10	11	2
15	12.0	3.0	10	11	3	45	1	0
13	10.0	3.0	10	10	3	44	0	0
10	5.0	5.0	11	5	5
10	5.0	5.0	11	5	5
10	5.0	5.0	11	5	5
11	9.0	2.0	16	9	2
9	7.0	2.0	16	7	2
10	7.0	3.0	16	7	3
10	8.0	2.0	16	8	2	53	0	0
10	7.0	3.0	16	7	3	52	0	0
9	7.0	2.0	16	7	2
10	8.0	2.0	12	8	2
10	8.0	2.0	12	8	2
9	8.0	1.0	12	8	1
10	8.0	2.0	12	8	2
10	8.0	2.0	12	8	2
9	6.0	3.0	12	6	3
4	3.0	1.0	65	0	0	73	0	0	66	0	0	62	0	0	4	3	1
0	0.0	0.0	61	0	0	67	0	0	74	0	0	68	0	0	63	0	0
0	0.0	0.0	62	0	0	68	0	0	69	0	0	75	0	0	70	0	0	64	0	0
0	0.0	0.0	63	0	0	71	0	0	76	0	0	72	0	0
4	3.0	1.0	61	3	1	77	0	0	78	0	0	79	0	0	80	0	0	73	0	0
4	3.0	1.0	61	3	1	67	0	0	86	0	0	85	0	0	73	0	0
0	0.0	0.0	66	0	0	62	0	0	87	0	0	88	0	0	89	0	0
0	0.0	0.0	62	0	0	63	0	0	74	0	0	96	0	0	95	0	0	94	0	0
0	0.0	0.0	63	0	0	97	0	0	98	0	0
0	0.0	0.0	63	0	0	103	0	0	104	0	0	105	0	0
0	0.0	0.0	64	0	0	106	0	0	107	0	0	108	0	0
0	0.0	0.0	64	0	0	115	0	0	116	0	0	117	0	0	118	0	0	119	0	0	120	0	0
8	5.0	3.0	61	2	2	66	3	1	65	0	0	81	0	0	82	0	0	83	0	0	84	0	0
0	0.0	0.0	62	0	0	68	0	0	90	0	0	91	0	0	92	0	0	93	0	0
0	0.0	0.0	63	0	0	76	0	0	99	0	0	100	0	0	101	0	0	102	0	0
0	0.0	0.0	64	0	0	75	0	0	109	0	0	110	0	0	111	0	0	112	0	0	113	0	0	114	0	0
4	2.0	2.0	65	2	2	78	0	0
4	2.0	2.0	77	0	0	65	2	2
4	2.0	2.0	65	2	2
4	2.0	2.0	65	2	2
5	2.0	3.0	73	2	3
5	2.0	3.0	73	2	3	83	0	0
4	2.0	2.0	73	2	2	82	0	0
4	2.0	2.0	73	2	2
4	2.0	2.0	66	2	2
4	3.0	1.0	66	3	1
0	0.0	0.0	67	0	0
0	0.0	0.0	67	0	0
0	0.0	0.0	67	0	0
0	0.0	0.0	74	0	0
0	0.0	0.0	74	0	0
0	0.0	0.0	74	0	0
0	0.0	0.0	74	0	0
0	0.0	0.0	68	0	0
0	0.0	0.0	68	0	0
0	0.0	0.0	68	0	0
0	0.0	0.0	69	0	0
0	0.0	0.0	69	0	0
0	0.0	0.0	75	0	0	100	0	0
0	0.0	0.0	75	0	0
0	0.0	0.0	75	0	0
0	0.0	0.0	75	0	0
0	0.0	0.0	70	0	0
0	0.0	0.0	70	0	0	105	0	0
0	0.0	0.0	70	0	0	104	0	0
0	0.0	0.0	71	0	0
0	0.0	0.0	71	0	0
0	0.0	0.0	71	0	0
0	0.0	0.0	76	0	0
0	0.0	0.0	76	0	0
0	0.0	0.0	76	0	0
0	0.0	0.0	76	0	0	113	0	0
0	0.0	0.0	76	0	0	112	0	0
0	0.0	0.0	76	0	0
0	0.0	0.0	72	0	0
0	0.0	0.0	72	0	0
0	0.0	0.0	72	0	0
0	0.0	0.0	72	0	0
0	0.0	0.0	72	0	0
0	0.0	0.0	72	0	0
